The system is: Windows - 10.0.19042 - AMD64
Compiling the C compiler identification source file "CMakeCCompilerId.c" succeeded.
Compiler: C:/Program Files (x86)/Microsoft Visual Studio/2019/BuildTools/VC/Tools/MSVC/14.29.30037/bin/Hostx86/x86/cl.exe 
Build flags: 
Id flags:  

The output was:
0
Microsoft (R) C/C++ Optimizing Compiler Version 19.29.30040 for x86
Copyright (C) Microsoft Corporation.  All rights reserved.

CMakeCCompilerId.c
Microsoft (R) Incremental Linker Version 14.29.30040.0
Copyright (C) Microsoft Corporation.  All rights reserved.

/out:CMakeCCompilerId.exe 
CMakeCCompilerId.obj 


Compilation of the C compiler identification source "CMakeCCompilerId.c" produced "CMakeCCompilerId.exe"

Compilation of the C compiler identification source "CMakeCCompilerId.c" produced "CMakeCCompilerId.obj"

The C compiler identification is MSVC, found in "C:/Users/Alfonso Samuel/Documents/pico/fnirs_ddc_pio_shk/build/elf2uf2/CMakeFiles/3.20.3/CompilerIdC/CMakeCCompilerId.exe"

Compiling the CXX compiler identification source file "CMakeCXXCompilerId.cpp" succeeded.
Compiler: C:/Program Files (x86)/Microsoft Visual Studio/2019/BuildTools/VC/Tools/MSVC/14.29.30037/bin/Hostx86/x86/cl.exe 
Build flags: 
Id flags:  

The output was:
0
Microsoft (R) C/C++ Optimizing Compiler Version 19.29.30040 for x86
Copyright (C) Microsoft Corporation.  All rights reserved.

CMakeCXXCompilerId.cpp
Microsoft (R) Incremental Linker Version 14.29.30040.0
Copyright (C) Microsoft Corporation.  All rights reserved.

/out:CMakeCXXCompilerId.exe 
CMakeCXXCompilerId.obj 


Compilation of the CXX compiler identification source "CMakeCXXCompilerId.cpp" produced "CMakeCXXCompilerId.exe"

Compilation of the CXX compiler identification source "CMakeCXXCompilerId.cpp" produced "CMakeCXXCompilerId.obj"

The CXX compiler identification is MSVC, found in "C:/Users/Alfonso Samuel/Documents/pico/fnirs_ddc_pio_shk/build/elf2uf2/CMakeFiles/3.20.3/CompilerIdCXX/CMakeCXXCompilerId.exe"

Detecting C compiler ABI info compiled with the following output:
Change Dir: C:/Users/Alfonso Samuel/Documents/pico/fnirs_ddc_pio_shk/build/elf2uf2/CMakeFiles/CMakeTmp

Run Build Command(s):nmake -f Makefile /nologo cmTC_581ef\fast && 	"C:\Program Files (x86)\Microsoft Visual Studio\2019\BuildTools\VC\Tools\MSVC\14.29.30037\bin\HostX86\x86\nmake.exe"  -f CMakeFiles\cmTC_581ef.dir\build.make /nologo -L                  CMakeFiles\cmTC_581ef.dir\build
Building C object CMakeFiles/cmTC_581ef.dir/CMakeCCompilerABI.c.obj
	"C:\Program Files\CMake\bin\cmake.exe" -E cmake_cl_compile_depends --dep-file=CMakeFiles\cmTC_581ef.dir\CMakeCCompilerABI.c.obj.d --working-dir="C:\Users\Alfonso Samuel\Documents\pico\fnirs_ddc_pio_shk\build\elf2uf2\CMakeFiles\CMakeTmp" --filter-prefix="Note: including file: " -- C:\PROGRA~2\MICROS~2\2019\BUILDT~1\VC\Tools\MSVC\1429~1.300\bin\Hostx86\x86\cl.exe @C:\Users\ALFONS~1\AppData\Local\Temp\nmB60D.tmp
CMakeCCompilerABI.c
Linking C executable cmTC_581ef.exe
	"C:\Program Files\CMake\bin\cmake.exe" -E vs_link_exe --intdir=CMakeFiles\cmTC_581ef.dir --rc=C:\PROGRA~2\WI3CF2~1\10\bin\100190~1.0\x86\rc.exe --mt=C:\PROGRA~2\WI3CF2~1\10\bin\100190~1.0\x86\mt.exe --manifests -- C:\PROGRA~2\MICROS~2\2019\BUILDT~1\VC\Tools\MSVC\1429~1.300\bin\Hostx86\x86\link.exe /nologo @CMakeFiles\cmTC_581ef.dir\objects1.rsp @C:\Users\ALFONS~1\AppData\Local\Temp\nmB68B.tmp



Detecting CXX compiler ABI info compiled with the following output:
Change Dir: C:/Users/Alfonso Samuel/Documents/pico/fnirs_ddc_pio_shk/build/elf2uf2/CMakeFiles/CMakeTmp

Run Build Command(s):nmake -f Makefile /nologo cmTC_89db7\fast && 	"C:\Program Files (x86)\Microsoft Visual Studio\2019\BuildTools\VC\Tools\MSVC\14.29.30037\bin\HostX86\x86\nmake.exe"  -f CMakeFiles\cmTC_89db7.dir\build.make /nologo -L                  CMakeFiles\cmTC_89db7.dir\build
Building CXX object CMakeFiles/cmTC_89db7.dir/CMakeCXXCompilerABI.cpp.obj
	"C:\Program Files\CMake\bin\cmake.exe" -E cmake_cl_compile_depends --dep-file=CMakeFiles\cmTC_89db7.dir\CMakeCXXCompilerABI.cpp.obj.d --working-dir="C:\Users\Alfonso Samuel\Documents\pico\fnirs_ddc_pio_shk\build\elf2uf2\CMakeFiles\CMakeTmp" --filter-prefix="Note: including file: " -- C:\PROGRA~2\MICROS~2\2019\BUILDT~1\VC\Tools\MSVC\1429~1.300\bin\Hostx86\x86\cl.exe @C:\Users\ALFONS~1\AppData\Local\Temp\nmB90B.tmp
CMakeCXXCompilerABI.cpp
Linking CXX executable cmTC_89db7.exe
	"C:\Program Files\CMake\bin\cmake.exe" -E vs_link_exe --intdir=CMakeFiles\cmTC_89db7.dir --rc=C:\PROGRA~2\WI3CF2~1\10\bin\100190~1.0\x86\rc.exe --mt=C:\PROGRA~2\WI3CF2~1\10\bin\100190~1.0\x86\mt.exe --manifests -- C:\PROGRA~2\MICROS~2\2019\BUILDT~1\VC\Tools\MSVC\1429~1.300\bin\Hostx86\x86\link.exe /nologo @CMakeFiles\cmTC_89db7.dir\objects1.rsp @C:\Users\ALFONS~1\AppData\Local\Temp\nmB989.tmp



